{"C:\\Users\\Pichau\\Documents\\clean-node-api\\src\\presentation\\controllers\\signUp.ts": {"path":"C:\\Users\\Pichau\\Documents\\clean-node-api\\src\\presentation\\controllers\\signUp.ts","statementMap":{"0":{"start":{"line":1,"column":0},"end":{"line":1,"column":70}},"1":{"start":{"line":2,"column":0},"end":{"line":2,"column":68}},"2":{"start":{"line":14,"column":4},"end":{"line":14,"column":41}},"3":{"start":{"line":18,"column":4},"end":{"line":41,"column":null}},"4":{"start":{"line":19,"column":28},"end":{"line":24,"column":8}},"5":{"start":{"line":26,"column":6},"end":{"line":30,"column":null}},"6":{"start":{"line":27,"column":8},"end":{"line":29,"column":null}},"7":{"start":{"line":28,"column":10},"end":{"line":28,"column":58}},"8":{"start":{"line":32,"column":22},"end":{"line":32,"column":73}},"9":{"start":{"line":34,"column":6},"end":{"line":36,"column":null}},"10":{"start":{"line":35,"column":8},"end":{"line":35,"column":58}},"11":{"start":{"line":38,"column":6},"end":{"line":38,"column":35}},"12":{"start":{"line":40,"column":6},"end":{"line":40,"column":35}},"13":{"start":{"line":10,"column":0},"end":{"line":10,"column":13}}},"fnMap":{"0":{"name":"(anonymous_0)","decl":{"start":{"line":13,"column":2},"end":{"line":13,"column":14}},"loc":{"start":{"line":13,"column":44},"end":{"line":15,"column":3}}},"1":{"name":"(anonymous_1)","decl":{"start":{"line":17,"column":2},"end":{"line":17,"column":8}},"loc":{"start":{"line":17,"column":33},"end":{"line":42,"column":3}}}},"branchMap":{"0":{"loc":{"start":{"line":27,"column":8},"end":{"line":29,"column":null}},"type":"if","locations":[{"start":{"line":27,"column":8},"end":{"line":29,"column":null}}]},"1":{"loc":{"start":{"line":34,"column":6},"end":{"line":36,"column":null}},"type":"if","locations":[{"start":{"line":34,"column":6},"end":{"line":36,"column":null}}]}},"s":{"0":1,"1":1,"2":7,"3":7,"4":7,"5":7,"6":22,"7":4,"8":3,"9":2,"10":1,"11":1,"12":1,"13":1},"f":{"0":7,"1":7},"b":{"0":[4],"1":[1]}}
,"C:\\Users\\Pichau\\Documents\\clean-node-api\\src\\presentation\\helpers\\helper.ts": {"path":"C:\\Users\\Pichau\\Documents\\clean-node-api\\src\\presentation\\helpers\\helper.ts","statementMap":{"0":{"start":{"line":1,"column":0},"end":{"line":1,"column":52}},"1":{"start":{"line":4,"column":26},"end":{"line":7,"column":2}},"2":{"start":{"line":4,"column":59},"end":{"line":7,"column":2}},"3":{"start":{"line":4,"column":13},"end":{"line":4,"column":26}},"4":{"start":{"line":8,"column":35},"end":{"line":11,"column":2}},"5":{"start":{"line":8,"column":56},"end":{"line":11,"column":2}},"6":{"start":{"line":8,"column":13},"end":{"line":8,"column":35}}},"fnMap":{"0":{"name":"(anonymous_0)","decl":{"start":{"line":4,"column":26},"end":{"line":4,"column":27}},"loc":{"start":{"line":4,"column":59},"end":{"line":7,"column":2}}},"1":{"name":"(anonymous_1)","decl":{"start":{"line":8,"column":35},"end":{"line":8,"column":52}},"loc":{"start":{"line":8,"column":56},"end":{"line":11,"column":2}}}},"branchMap":{},"s":{"0":1,"1":1,"2":5,"3":1,"4":1,"5":2,"6":1},"f":{"0":5,"1":2},"b":{}}
,"C:\\Users\\Pichau\\Documents\\clean-node-api\\src\\presentation\\protocols\\index.ts": {"path":"C:\\Users\\Pichau\\Documents\\clean-node-api\\src\\presentation\\protocols\\index.ts","statementMap":{"0":{"start":{"line":1,"column":0},"end":{"line":1,"column":29}},"1":{"start":{"line":2,"column":0},"end":{"line":2,"column":33}},"2":{"start":{"line":3,"column":0},"end":{"line":3,"column":23}}},"fnMap":{},"branchMap":{},"s":{"0":0,"1":0,"2":0},"f":{},"b":{}}
}
