TN:
SF:src\presentation\controllers\signup\signUp.ts
FN:15,(anonymous_0)
FN:20,(anonymous_1)
FNF:2
FNH:2
FNDA:11,(anonymous_0)
FNDA:12,(anonymous_1)
DA:1,1
DA:2,1
DA:11,1
DA:16,11
DA:17,11
DA:21,12
DA:22,12
DA:29,12
DA:30,42
DA:31,4
DA:34,8
DA:35,8
DA:36,1
DA:39,7
DA:41,6
DA:42,1
DA:45,5
DA:50,4
DA:52,2
LF:19
LH:19
BRDA:30,0,0,4
BRDA:35,1,0,1
BRDA:41,2,0,1
BRF:3
BRH:3
end_of_record
TN:
SF:src\presentation\helpers\helper.ts
FN:4,(anonymous_0)
FN:8,(anonymous_1)
FN:12,(anonymous_2)
FNF:3
FNH:3
FNDA:6,(anonymous_0)
FNDA:2,(anonymous_1)
FNDA:4,(anonymous_2)
DA:1,1
DA:4,6
DA:8,2
DA:12,4
LF:4
LH:4
BRF:0
BRH:0
end_of_record
