TN:
SF:src\presentation\controllers\signUp.ts
FN:12,(anonymous_0)
FN:16,(anonymous_1)
FNF:2
FNH:2
FNDA:7,(anonymous_0)
FNDA:7,(anonymous_1)
DA:1,1
DA:2,1
DA:3,1
DA:4,1
DA:9,1
DA:13,7
DA:17,7
DA:18,7
DA:25,7
DA:26,22
DA:27,4
DA:31,3
DA:33,2
DA:34,1
DA:37,1
DA:39,1
LF:16
LH:16
BRDA:26,0,0,4
BRDA:33,1,0,1
BRF:2
BRH:2
end_of_record
TN:
SF:src\presentation\error\invalid-param-error.ts
FN:2,(anonymous_0)
FNF:1
FNH:1
FNDA:2,(anonymous_0)
DA:1,1
DA:3,2
DA:4,2
LF:3
LH:3
BRF:0
BRH:0
end_of_record
TN:
SF:src\presentation\error\missing-error.ts
FN:2,(anonymous_0)
FNF:1
FNH:1
FNDA:8,(anonymous_0)
DA:1,1
DA:3,8
DA:4,8
LF:3
LH:3
BRF:0
BRH:0
end_of_record
TN:
SF:src\presentation\error\server-error.ts
FN:2,(anonymous_0)
FNF:1
FNH:1
FNDA:2,(anonymous_0)
DA:1,1
DA:3,2
LF:2
LH:2
BRF:0
BRH:0
end_of_record
